2019-01-17 21:16:28.024 [main] INFO  com.course.application - Starting application on AFOIG-801172222 with PID 8128 (C:\Users\Administrator\.ssh\workspace\muke\AutoTest\MySpringMyBatisTestNg\target\classes started by Administrator in C:\Users\Administrator\.ssh\workspace\muke\AutoTest)
2019-01-17 21:16:28.038 [main] INFO  com.course.application - No active profile set, falling back to default profiles: default
2019-01-17 21:16:29.678 [main] WARN  org.mybatis.spring.mapper.ClassPathMapperScanner - No MyBatis mapper was found in '[com.course]' package. Please check your configuration.
2019-01-17 21:16:30.184 [main] INFO  o.s.context.support.PostProcessorRegistrationDelegate$BeanPostProcessorChecker - Bean 'org.springframework.transaction.annotation.ProxyTransactionManagementConfiguration' of type [org.springframework.transaction.annotation.ProxyTransactionManagementConfiguration$$EnhancerBySpringCGLIB$$bc9eea50] is not eligible for getting processed by all BeanPostProcessors (for example: not eligible for auto-proxying)
2019-01-17 21:16:30.844 [main] INFO  org.springframework.boot.web.embedded.tomcat.TomcatWebServer - Tomcat initialized with port(s): 8889 (http)
2019-01-17 21:16:30.907 [main] INFO  org.apache.catalina.core.StandardService - Starting service [Tomcat]
2019-01-17 21:16:30.908 [main] INFO  org.apache.catalina.core.StandardEngine - Starting Servlet Engine: Apache Tomcat/9.0.13
2019-01-17 21:16:30.917 [main] INFO  org.apache.catalina.core.AprLifecycleListener - The APR based Apache Tomcat Native library which allows optimal performance in production environments was not found on the java.library.path: [C:\Program Files\Java\jdk1.8.0_121\bin;C:\WINDOWS\Sun\Java\bin;C:\WINDOWS\system32;C:\WINDOWS;C:\Program Files (x86)\Common Files\Oracle\Java\javapath;C:\ProgramData\Oracle\Java\javapath;C:\WINDOWS\system32;C:\WINDOWS;C:\WINDOWS\System32\Wbem;C:\WINDOWS\System32\WindowsPowerShell\v1.0\;C:\Program Files\Java\jdk1.8.0_121\bin;C:\Program Files\MySQL\MySQL Server 5.7\bin;C:\Program Files (x86)\Windows Kits\8.1\Windows Performance Toolkit\;C:\Program Files\Microsoft SQL Server\110\Tools\Binn\;F:\python2\Scripts;F:\python2;C:\Users\Administrator\Desktop\adb1.0.32;C:\Users\Administrator\Desktop\ADB1;C:\Users\Administrator\Desktop\apache-jmeter-4.0\bin;E:\apache-ant-1.10.4\bin;E:\apache-maven-3.6.0\bin;E:\Git\cmd;D:\Program Files\PYTHON\python3.7\Scripts\;D:\Program Files\PYTHON\python3.7\;C:\Users\Administrator\AppData\Local\Microsoft\WindowsApps;C:\Program Files (x86)\SSH Communications Security\SSH Secure Shell;F:\fiddler;C:\Users\Administrator\AppData\Local\GitHubDesktop\bin;.]
2019-01-17 21:16:31.713 [main] INFO  org.apache.catalina.core.ContainerBase.[Tomcat].[localhost].[/] - Initializing Spring embedded WebApplicationContext
2019-01-17 21:16:31.713 [main] INFO  org.springframework.web.context.ContextLoader - Root WebApplicationContext: initialization completed in 3555 ms
2019-01-17 21:16:34.378 [main] INFO  org.springframework.scheduling.concurrent.ThreadPoolTaskExecutor - Initializing ExecutorService 'applicationTaskExecutor'
2019-01-17 21:16:35.758 [main] INFO  org.mongodb.driver.cluster - Cluster created with settings {hosts=[localhost:27017], mode=SINGLE, requiredClusterType=UNKNOWN, serverSelectionTimeout='30000 ms', maxWaitQueueSize=500}
2019-01-17 21:16:35.838 [main] INFO  org.springframework.scheduling.concurrent.ThreadPoolTaskScheduler - Initializing ExecutorService 'taskScheduler'
2019-01-17 21:16:35.899 [main] INFO  springfox.documentation.spring.web.plugins.DocumentationPluginsBootstrapper - Context refreshed
2019-01-17 21:16:35.928 [main] INFO  springfox.documentation.spring.web.plugins.DocumentationPluginsBootstrapper - Found 1 custom documentation plugin(s)
2019-01-17 21:16:35.964 [main] INFO  springfox.documentation.spring.web.scanners.ApiListingReferenceScanner - Scanning for api listing references
2019-01-17 21:16:36.761 [main] INFO  org.springframework.boot.web.embedded.tomcat.TomcatWebServer - Tomcat started on port(s): 8889 (http) with context path ''
2019-01-17 21:16:36.767 [main] INFO  com.course.application - Started application in 9.823 seconds (JVM running for 14.137)
2019-01-17 21:16:36.833 [cluster-ClusterId{value='5c4080337e04181fc0309b7c', description='null'}-localhost:27017] INFO  org.mongodb.driver.cluster - Exception in monitor thread while connecting to server localhost:27017
com.mongodb.MongoSocketOpenException: Exception opening socket
	at com.mongodb.internal.connection.SocketStream.open(SocketStream.java:67)
	at com.mongodb.internal.connection.InternalStreamConnection.open(InternalStreamConnection.java:126)
	at com.mongodb.internal.connection.DefaultServerMonitor$ServerMonitorRunnable.run(DefaultServerMonitor.java:117)
	at java.lang.Thread.run(Thread.java:745)
Caused by: java.net.ConnectException: Connection refused: connect
	at java.net.DualStackPlainSocketImpl.waitForConnect(Native Method)
	at java.net.DualStackPlainSocketImpl.socketConnect(DualStackPlainSocketImpl.java:85)
	at java.net.AbstractPlainSocketImpl.doConnect(AbstractPlainSocketImpl.java:350)
	at java.net.AbstractPlainSocketImpl.connectToAddress(AbstractPlainSocketImpl.java:206)
	at java.net.AbstractPlainSocketImpl.connect(AbstractPlainSocketImpl.java:188)
	at java.net.PlainSocketImpl.connect(PlainSocketImpl.java:172)
	at java.net.SocksSocketImpl.connect(SocksSocketImpl.java:392)
	at java.net.Socket.connect(Socket.java:589)
	at com.mongodb.internal.connection.SocketStreamHelper.initialize(SocketStreamHelper.java:64)
	at com.mongodb.internal.connection.SocketStream.open(SocketStream.java:62)
	... 3 common frames omitted
2019-01-17 21:17:10.621 [http-nio-8889-exec-1] INFO  org.apache.catalina.core.ContainerBase.[Tomcat].[localhost].[/] - Initializing Spring DispatcherServlet 'dispatcherServlet'
2019-01-17 21:17:10.622 [http-nio-8889-exec-1] INFO  org.springframework.web.servlet.DispatcherServlet - Initializing Servlet 'dispatcherServlet'
2019-01-17 21:17:10.631 [http-nio-8889-exec-1] INFO  org.springframework.web.servlet.DispatcherServlet - Completed initialization in 9 ms
2019-01-17 21:17:10.768 [http-nio-8889-exec-1] INFO  com.zaxxer.hikari.HikariDataSource - HikariPool-1 - Starting...
2019-01-17 21:17:11.022 [http-nio-8889-exec-1] INFO  com.zaxxer.hikari.HikariDataSource - HikariPool-1 - Start completed.
2019-01-17 21:17:11.104 [http-nio-8889-exec-1] INFO  com.course.controller.UserManager - 登录的用户：zhangsan
2019-01-17 21:17:11.337 [http-nio-8889-exec-3] INFO  com.course.controller.UserManager - 添加用户的数量：1
2019-01-17 21:17:11.467 [http-nio-8889-exec-4] INFO  com.course.controller.UserManager - 获取到的用户数量是：1
2019-01-17 21:17:11.605 [http-nio-8889-exec-5] INFO  com.course.controller.UserManager - 更新的数据数量：1
2019-01-17 21:17:13.874 [http-nio-8889-exec-6] INFO  com.course.controller.UserManager - 更新的数据数量：1
2019-01-17 21:17:15.930 [http-nio-8889-exec-7] INFO  com.course.controller.UserManager - 获取到的用户数量是：4
2019-01-17 21:24:48.390 [http-nio-8889-exec-9] INFO  com.course.controller.UserManager - 登录的用户：zhangsan
2019-01-17 21:24:48.546 [http-nio-8889-exec-1] INFO  com.course.controller.UserManager - 添加用户的数量：1
2019-01-17 21:24:48.609 [http-nio-8889-exec-2] INFO  com.course.controller.UserManager - 获取到的用户数量是：1
2019-01-17 21:24:48.687 [http-nio-8889-exec-3] INFO  com.course.controller.UserManager - 更新的数据数量：1
2019-01-17 21:24:50.827 [http-nio-8889-exec-4] INFO  com.course.controller.UserManager - 更新的数据数量：1
2019-01-17 21:24:52.888 [http-nio-8889-exec-5] INFO  com.course.controller.UserManager - 获取到的用户数量是：4
2019-01-17 22:10:10.555 [http-nio-8889-exec-7] INFO  com.course.controller.UserManager - 登录的用户：zhangsan
2019-01-17 22:10:10.790 [http-nio-8889-exec-9] INFO  com.course.controller.UserManager - 添加用户的数量：1
2019-01-17 22:10:10.852 [http-nio-8889-exec-10] INFO  com.course.controller.UserManager - 获取到的用户数量是：1
2019-01-17 22:10:10.946 [http-nio-8889-exec-1] INFO  com.course.controller.UserManager - 更新的数据数量：1
2019-01-17 22:10:13.124 [http-nio-8889-exec-2] INFO  com.course.controller.UserManager - 更新的数据数量：1
2019-01-17 22:10:15.202 [http-nio-8889-exec-3] INFO  com.course.controller.UserManager - 获取到的用户数量是：4
